<?xml version="1.0" encoding="UTF-8"?>
<!-- Generated by org.testng.reporters.JUnitReportReporter -->
<testsuite hostname="LAPTOP-K6OMI7N5" failures="0" tests="5" name="TestCases.TC_VideoGamesAPI" time="4.824" errors="0" timestamp="2022-11-23T19:15:57 EST" skipped="0">
  <testcase classname="TestCases.TC_VideoGamesAPI" name="test_getAllVideoGames" time="2.753"/>
  <system-out/>
  <testcase classname="TestCases.TC_VideoGamesAPI" name="test_addNewVideoGame" time="0.904"/>
  <system-out/>
  <testcase classname="TestCases.TC_VideoGamesAPI" name="test_getSingleVideoGame" time="1.091"/>
  <system-out/>
  <testcase classname="TestCases.TC_VideoGamesAPI" name="test_updateVideoGame" time="0.054"/>
  <system-out/>
  <testcase classname="TestCases.TC_VideoGamesAPI" name="test_deleteVideoGame" time="0.022"/>
  <system-out/>
</testsuite> <!-- TestCases.TC_VideoGamesAPI -->
